mode: atomic
github.com/featureprobe/server-sdk-go/evaluate.go:83.63,92.2 7 6
github.com/featureprobe/server-sdk-go/evaluate.go:94.50,97.16 3 32
github.com/featureprobe/server-sdk-go/evaluate.go:100.2,100.19 1 31
github.com/featureprobe/server-sdk-go/evaluate.go:103.2,108.12 2 30
github.com/featureprobe/server-sdk-go/evaluate.go:97.16,99.3 1 1
github.com/featureprobe/server-sdk-go/evaluate.go:100.19,102.3 1 1
github.com/featureprobe/server-sdk-go/evaluate.go:111.86,118.16 2 18
github.com/featureprobe/server-sdk-go/evaluate.go:122.2,122.31 1 12
github.com/featureprobe/server-sdk-go/evaluate.go:131.2,131.47 1 2
github.com/featureprobe/server-sdk-go/evaluate.go:118.16,120.3 1 6
github.com/featureprobe/server-sdk-go/evaluate.go:122.31,124.17 2 19
github.com/featureprobe/server-sdk-go/evaluate.go:127.3,127.19 1 18
github.com/featureprobe/server-sdk-go/evaluate.go:124.17,126.4 1 1
github.com/featureprobe/server-sdk-go/evaluate.go:127.19,129.4 1 9
github.com/featureprobe/server-sdk-go/evaluate.go:134.91,141.16 2 20
github.com/featureprobe/server-sdk-go/evaluate.go:159.2,159.35 1 14
github.com/featureprobe/server-sdk-go/evaluate.go:179.2,180.16 2 4
github.com/featureprobe/server-sdk-go/evaluate.go:188.2,193.8 1 3
github.com/featureprobe/server-sdk-go/evaluate.go:141.16,143.17 2 6
github.com/featureprobe/server-sdk-go/evaluate.go:151.3,156.9 1 1
github.com/featureprobe/server-sdk-go/evaluate.go:143.17,150.4 1 5
github.com/featureprobe/server-sdk-go/evaluate.go:159.35,161.17 2 22
github.com/featureprobe/server-sdk-go/evaluate.go:169.3,169.19 1 21
github.com/featureprobe/server-sdk-go/evaluate.go:161.17,168.4 1 1
github.com/featureprobe/server-sdk-go/evaluate.go:169.19,176.4 1 9
github.com/featureprobe/server-sdk-go/evaluate.go:180.16,187.3 1 1
github.com/featureprobe/server-sdk-go/evaluate.go:196.73,198.21 2 39
github.com/featureprobe/server-sdk-go/evaluate.go:208.2,209.21 2 38
github.com/featureprobe/server-sdk-go/evaluate.go:212.2,212.38 1 24
github.com/featureprobe/server-sdk-go/evaluate.go:198.21,200.3 1 36
github.com/featureprobe/server-sdk-go/evaluate.go:200.8,202.17 2 3
github.com/featureprobe/server-sdk-go/evaluate.go:205.3,205.12 1 2
github.com/featureprobe/server-sdk-go/evaluate.go:202.17,204.4 1 1
github.com/featureprobe/server-sdk-go/evaluate.go:209.21,211.3 1 14
github.com/featureprobe/server-sdk-go/evaluate.go:215.59,217.16 2 6
github.com/featureprobe/server-sdk-go/evaluate.go:221.2,222.22 2 5
github.com/featureprobe/server-sdk-go/evaluate.go:228.2,231.35 3 5
github.com/featureprobe/server-sdk-go/evaluate.go:239.2,239.21 1 5
github.com/featureprobe/server-sdk-go/evaluate.go:243.2,243.23 1 4
github.com/featureprobe/server-sdk-go/evaluate.go:217.16,219.3 1 1
github.com/featureprobe/server-sdk-go/evaluate.go:222.22,224.3 1 1
github.com/featureprobe/server-sdk-go/evaluate.go:224.8,226.3 1 4
github.com/featureprobe/server-sdk-go/evaluate.go:231.35,232.23 1 14
github.com/featureprobe/server-sdk-go/evaluate.go:232.23,233.55 1 14
github.com/featureprobe/server-sdk-go/evaluate.go:233.55,235.5 1 4
github.com/featureprobe/server-sdk-go/evaluate.go:239.21,241.3 1 1
github.com/featureprobe/server-sdk-go/evaluate.go:246.60,249.26 3 6
github.com/featureprobe/server-sdk-go/evaluate.go:260.2,260.21 1 5
github.com/featureprobe/server-sdk-go/evaluate.go:249.26,251.3 1 2
github.com/featureprobe/server-sdk-go/evaluate.go:251.8,254.20 3 4
github.com/featureprobe/server-sdk-go/evaluate.go:254.20,256.4 1 3
github.com/featureprobe/server-sdk-go/evaluate.go:256.9,258.4 1 1
github.com/featureprobe/server-sdk-go/evaluate.go:263.71,264.33 1 41
github.com/featureprobe/server-sdk-go/evaluate.go:269.2,269.40 1 20
github.com/featureprobe/server-sdk-go/evaluate.go:264.33,265.44 1 44
github.com/featureprobe/server-sdk-go/evaluate.go:265.44,267.4 1 21
github.com/featureprobe/server-sdk-go/evaluate.go:272.73,273.16 1 62
github.com/featureprobe/server-sdk-go/evaluate.go:280.2,280.14 1 1
github.com/featureprobe/server-sdk-go/evaluate.go:274.16,275.51 1 44
github.com/featureprobe/server-sdk-go/evaluate.go:276.17,277.49 1 17
github.com/featureprobe/server-sdk-go/evaluate.go:283.76,285.27 2 71
github.com/featureprobe/server-sdk-go/evaluate.go:289.2,289.17 1 68
github.com/featureprobe/server-sdk-go/evaluate.go:318.2,318.14 1 1
github.com/featureprobe/server-sdk-go/evaluate.go:285.27,287.3 1 3
github.com/featureprobe/server-sdk-go/evaluate.go:290.19,291.45 1 45
github.com/featureprobe/server-sdk-go/evaluate.go:292.21,293.45 1 4
github.com/featureprobe/server-sdk-go/evaluate.go:294.19,295.45 1 4
github.com/featureprobe/server-sdk-go/evaluate.go:296.18,297.45 1 3
github.com/featureprobe/server-sdk-go/evaluate.go:298.23,299.45 1 4
github.com/featureprobe/server-sdk-go/evaluate.go:306.23,307.52 1 1
github.com/featureprobe/server-sdk-go/evaluate.go:308.29,309.54 1 2
github.com/featureprobe/server-sdk-go/evaluate.go:310.27,311.52 1 2
github.com/featureprobe/server-sdk-go/evaluate.go:312.26,313.51 1 1
github.com/featureprobe/server-sdk-go/evaluate.go:314.30,315.56 1 1
github.com/featureprobe/server-sdk-go/evaluate.go:291.45,291.72 1 84
github.com/featureprobe/server-sdk-go/evaluate.go:293.45,293.89 1 8
github.com/featureprobe/server-sdk-go/evaluate.go:295.45,295.89 1 8
github.com/featureprobe/server-sdk-go/evaluate.go:297.45,297.88 1 6
github.com/featureprobe/server-sdk-go/evaluate.go:299.45,301.18 2 6
github.com/featureprobe/server-sdk-go/evaluate.go:304.4,304.18 1 5
github.com/featureprobe/server-sdk-go/evaluate.go:301.18,303.5 1 1
github.com/featureprobe/server-sdk-go/evaluate.go:321.90,322.21 1 18
github.com/featureprobe/server-sdk-go/evaluate.go:325.2,325.41 1 17
github.com/featureprobe/server-sdk-go/evaluate.go:322.21,324.3 1 1
github.com/featureprobe/server-sdk-go/evaluate.go:328.83,329.39 1 17
github.com/featureprobe/server-sdk-go/evaluate.go:337.2,337.14 1 2
github.com/featureprobe/server-sdk-go/evaluate.go:329.39,331.9 2 17
github.com/featureprobe/server-sdk-go/evaluate.go:331.9,332.30 1 17
github.com/featureprobe/server-sdk-go/evaluate.go:332.30,334.5 1 15
github.com/featureprobe/server-sdk-go/evaluate.go:340.60,341.30 1 60
github.com/featureprobe/server-sdk-go/evaluate.go:346.2,346.14 1 28
github.com/featureprobe/server-sdk-go/evaluate.go:341.30,342.11 1 112
github.com/featureprobe/server-sdk-go/evaluate.go:342.11,344.4 1 32
github.com/featureprobe/server-sdk-go/evaluate.go:349.46,350.31 1 17
github.com/featureprobe/server-sdk-go/evaluate.go:355.2,355.14 1 2
github.com/featureprobe/server-sdk-go/evaluate.go:350.31,351.23 1 17
github.com/featureprobe/server-sdk-go/evaluate.go:351.23,353.4 1 15
github.com/featureprobe/server-sdk-go/evaluate.go:358.40,359.41 1 17
github.com/featureprobe/server-sdk-go/evaluate.go:364.2,364.14 1 2
github.com/featureprobe/server-sdk-go/evaluate.go:359.41,360.32 1 17
github.com/featureprobe/server-sdk-go/evaluate.go:360.32,362.4 1 15
github.com/featureprobe/server-sdk-go/featureprobe.go:47.61,52.2 1 6
github.com/featureprobe/server-sdk-go/featureprobe.go:54.104,55.20 1 19
github.com/featureprobe/server-sdk-go/featureprobe.go:58.2,59.9 2 15
github.com/featureprobe/server-sdk-go/featureprobe.go:62.2,63.16 2 11
github.com/featureprobe/server-sdk-go/featureprobe.go:66.2,66.12 1 7
github.com/featureprobe/server-sdk-go/featureprobe.go:55.20,57.3 1 4
github.com/featureprobe/server-sdk-go/featureprobe.go:59.9,61.3 1 4
github.com/featureprobe/server-sdk-go/featureprobe.go:63.16,65.3 1 4
github.com/featureprobe/server-sdk-go/featureprobe.go:69.87,72.9 3 5
github.com/featureprobe/server-sdk-go/featureprobe.go:75.2,75.10 1 4
github.com/featureprobe/server-sdk-go/featureprobe.go:72.9,74.3 1 1
github.com/featureprobe/server-sdk-go/featureprobe.go:78.90,81.9 3 5
github.com/featureprobe/server-sdk-go/featureprobe.go:84.2,84.10 1 4
github.com/featureprobe/server-sdk-go/featureprobe.go:81.9,83.3 1 1
github.com/featureprobe/server-sdk-go/featureprobe.go:87.95,90.9 3 5
github.com/featureprobe/server-sdk-go/featureprobe.go:93.2,93.10 1 4
github.com/featureprobe/server-sdk-go/featureprobe.go:90.9,92.3 1 1
github.com/featureprobe/server-sdk-go/featureprobe.go:96.101,99.2 2 4
github.com/featureprobe/server-sdk-go/featureprobe.go:101.130,107.20 5 19
github.com/featureprobe/server-sdk-go/featureprobe.go:110.2,111.9 2 15
github.com/featureprobe/server-sdk-go/featureprobe.go:114.2,120.16 5 11
github.com/featureprobe/server-sdk-go/featureprobe.go:124.2,124.49 1 7
github.com/featureprobe/server-sdk-go/featureprobe.go:107.20,109.3 1 4
github.com/featureprobe/server-sdk-go/featureprobe.go:111.9,113.3 1 4
github.com/featureprobe/server-sdk-go/featureprobe.go:120.16,122.3 1 4
github.com/featureprobe/server-sdk-go/featureprobe.go:127.96,132.9 4 5
github.com/featureprobe/server-sdk-go/featureprobe.go:136.2,137.15 2 4
github.com/featureprobe/server-sdk-go/featureprobe.go:132.9,135.3 2 1
github.com/featureprobe/server-sdk-go/featureprobe.go:140.96,145.9 4 5
github.com/featureprobe/server-sdk-go/featureprobe.go:149.2,150.15 2 4
github.com/featureprobe/server-sdk-go/featureprobe.go:145.9,148.3 2 1
github.com/featureprobe/server-sdk-go/featureprobe.go:153.103,158.9 4 5
github.com/featureprobe/server-sdk-go/featureprobe.go:162.2,163.15 2 4
github.com/featureprobe/server-sdk-go/featureprobe.go:158.9,161.3 2 1
github.com/featureprobe/server-sdk-go/featureprobe.go:166.103,170.2 3 4
github.com/featureprobe/server-sdk-go/featureprobe.go:172.57,174.2 1 4
github.com/featureprobe/server-sdk-go/user.go:8.33,13.2 1 43
github.com/featureprobe/server-sdk-go/user.go:15.55,18.2 2 42
github.com/featureprobe/server-sdk-go/user.go:20.44,22.2 1 1
github.com/featureprobe/server-sdk-go/user.go:24.40,26.2 1 76
